tensor([[1., 2., 3.],
        [4., 5., 6.]], requires_grad=True)
torch.float32
cpu
torch.Size([2, 3])
True
tensor([[ 0.5020,  3.7298,  0.7140],
        [-0.0875,  1.1569, -1.8116]])
Transpose: tensor([[ 0.5020, -0.0875],
        [ 3.7298,  1.1569],
        [ 0.7140, -1.8116]])
Zero Matrix: tensor([[0., 0., 0.],
        [0., 0., 0.],
        [0., 0., 0.]])
tensor([[0.5282, 0.5349, 0.7137],
        [0.7728, 0.1336, 0.5627],
        [0.7470, 0.3910, 0.1540]])
Identity: tensor([[1., 0., 0., 0.],
        [0., 1., 0., 0.],
        [0., 0., 1., 0.],
        [0., 0., 0., 1.]])
tensor([False,  True,  True,  True])
tensor([0, 1, 2, 3], dtype=torch.int16)
tensor([0, 1, 2, 3])
tensor([0., 1., 2., 3.], dtype=torch.float16)
tensor([0., 1., 2., 3.])
tensor([0., 1., 2., 3.], dtype=torch.float64)
tensor([[1., 2., 3.],
        [4., 5., 6.]], requires_grad=True)
torch.float32
cpu
torch.Size([2, 3])
True
tensor([[ 0.0569,  0.6444,  1.5180],
        [ 0.0885, -0.9085,  0.8966]])
tensor([[ 0.0569,  0.0885],
        [ 0.6444, -0.9085],
        [ 1.5180,  0.8966]])
tensor([[0., 0., 0.],
        [0., 0., 0.],
        [0., 0., 0.]])
tensor([[0.6630, 0.0560, 0.0822],
        [0.2466, 0.0862, 0.0592],
        [0.8826, 0.6689, 0.0039]])
tensor([[1., 0., 0., 0.],
        [0., 1., 0., 0.],
        [0., 0., 1., 0.],
        [0., 0., 0., 1.]])
tensor([False,  True,  True,  True])
tensor([0, 1, 2, 3], dtype=torch.int16)
tensor([0, 1, 2, 3])
tensor([0., 1., 2., 3.], dtype=torch.float16)
tensor([0., 1., 2., 3.])
tensor([0., 1., 2., 3.], dtype=torch.float64)
