tensor([1, 2, 3])
tensor([9, 8, 7])
Addition:
tensor([10, 10, 10])
Subtraction:
tensor([-8, -6, -4])
Division: 
tensor([0.1111, 0.2500, 0.4286])
Inplace:
tensor([2., 4., 6.])
Exponents:
tensor([1, 4, 9])
Are the values of x less than zero?: 
tensor([False, False, False])
Random matrix multiplication
tensor([[0.7131, 0.5954, 0.3570, 0.5231, 0.1712],
        [0.8259, 0.4327, 0.5486, 0.4548, 0.1294]])
tensor([[0.9650, 0.4358, 0.2791],
        [0.2999, 0.3603, 0.3225],
        [0.7911, 0.1028, 0.9603],
        [0.1520, 0.3053, 0.5588],
        [0.8101, 0.2750, 0.8571]])
tensor([[1.3673, 0.7687, 1.1729],
        [1.5348, 0.7466, 1.2619]])
Dot Product:
tensor(46)
Are the elements of x and y equal?
tensor([False, False, False])
